[20:06:33] [main/INFO]: Environment: authHost='https://authserver.mojang.com', accountsHost='https://api.mojang.com', sessionHost='https://sessionserver.mojang.com', servicesHost='https://api.minecraftservices.com', name='PROD'
[20:06:34] [main/WARN]: Ambiguity between arguments [teleport, destination] and [teleport, targets] with inputs: [Player, 0123, @e, dd12be42-52a9-4a91-a8a1-11c01849e498]
[20:06:34] [main/WARN]: Ambiguity between arguments [teleport, location] and [teleport, destination] with inputs: [0.1 -0.5 .9, 0 0 0]
[20:06:34] [main/WARN]: Ambiguity between arguments [teleport, location] and [teleport, targets] with inputs: [0.1 -0.5 .9, 0 0 0]
[20:06:34] [main/WARN]: Ambiguity between arguments [teleport, targets] and [teleport, destination] with inputs: [Player, 0123, dd12be42-52a9-4a91-a8a1-11c01849e498]
[20:06:34] [main/WARN]: Ambiguity between arguments [teleport, targets, location] and [teleport, targets, destination] with inputs: [0.1 -0.5 .9, 0 0 0]
[20:06:34] [main/INFO]: Reloading ResourceManager: Default
[20:06:35] [Worker-Main-6/INFO]: Loaded 7 recipes
[20:06:35] [Worker-Main-6/INFO]: Loaded 927 advancements
[20:06:37] [Server thread/INFO]: Starting minecraft server version 1.16.5
[20:06:37] [Server thread/INFO]: Loading properties
[20:06:37] [Server thread/INFO]: Default game type: SURVIVAL
[20:06:37] [Server thread/INFO]: Generating keypair
[20:06:38] [Server thread/INFO]: Starting Minecraft server on *:25565
[20:06:38] [Server thread/INFO]: Using epoll channel type
[20:06:38] [Server thread/WARN]: **** SERVER IS RUNNING IN OFFLINE/INSECURE MODE!
[20:06:38] [Server thread/WARN]: The server will make no attempt to authenticate usernames. Beware.
[20:06:38] [Server thread/WARN]: While this makes the game possible to play without internet access, it also opens up the ability for hackers to connect with any username they choose.
[20:06:38] [Server thread/WARN]: To change this, set "online-mode" to "true" in the server.properties file.
[20:06:38] [Server thread/INFO]: Preparing level "world"
[20:06:38] [Server thread/INFO]: Preparing start region for dimension minecraft:overworld
[20:06:39] [Server thread/INFO]: Preparing spawn area: 0%
[20:06:39] [Server thread/INFO]: Preparing spawn area: 0%
[20:06:39] [Server thread/INFO]: Preparing spawn area: 0%
[20:06:40] [Server thread/INFO]: Preparing spawn area: 0%
[20:06:40] [Server thread/INFO]: Preparing spawn area: 46%
[20:06:43] [Worker-Main-4/INFO]: Preparing spawn area: 83%
[20:06:43] [Worker-Main-6/INFO]: Preparing spawn area: 83%
[20:06:43] [Worker-Main-6/INFO]: Preparing spawn area: 83%
[20:06:43] [Worker-Main-6/INFO]: Preparing spawn area: 83%
[20:06:43] [Worker-Main-6/INFO]: Preparing spawn area: 83%
[20:06:43] [Worker-Main-5/INFO]: Preparing spawn area: 83%
[20:06:44] [Worker-Main-6/INFO]: Preparing spawn area: 87%
[20:06:44] [Worker-Main-5/INFO]: Preparing spawn area: 87%
[20:06:45] [Worker-Main-4/INFO]: Preparing spawn area: 87%
[20:06:45] [Worker-Main-6/INFO]: Preparing spawn area: 87%
[20:06:46] [Worker-Main-6/INFO]: Preparing spawn area: 87%
[20:06:46] [Worker-Main-4/INFO]: Preparing spawn area: 90%
[20:06:47] [Worker-Main-4/INFO]: Preparing spawn area: 93%
[20:06:47] [Server thread/INFO]: Preparing spawn area: 98%
[20:06:47] [Server thread/INFO]: Time elapsed: 9171 ms
[20:06:47] [Server thread/INFO]: Done (9.327s)! For help, type "help"
[20:06:55] [Server thread/INFO]: jhonny365[/0:0:0:0:0:0:0:1%0:55872] logged in with entity id 203 at (-121.5972261424322, 67.0, 5.740068287388709)
[20:06:55] [Server thread/INFO]: jhonny365 joined the game
[20:07:22] [Server thread/INFO]: jhonny365 lost connection: You logged in from another location
[20:07:22] [Server thread/INFO]: jhonny365 left the game
[20:07:22] [Server thread/INFO]: jhonny365[/0:0:0:0:0:0:0:1%0:37332] logged in with entity id 225 at (-121.5972261424322, 67.0, 5.740068287388709)
[20:07:22] [Server thread/INFO]: jhonny365 joined the game
[20:07:37] [Server thread/INFO]: jhonny365 lost connection: Timed out
[20:07:37] [Server thread/INFO]: jhonny365 left the game
[20:08:28] [Server thread/INFO]: jhonny365[/0:0:0:0:0:0:0:1%0:42216] logged in with entity id 251 at (-121.5972261424322, 67.0, 5.740068287388709)
[20:08:28] [Server thread/INFO]: jhonny365 joined the game
[20:08:43] [Server thread/INFO]: jhonny365 lost connection: Timed out
[20:08:43] [Server thread/INFO]: jhonny365 left the game
[20:09:47] [Server thread/INFO]: jhonny365[/0:0:0:0:0:0:0:1%0:40682] logged in with entity id 285 at (-121.5972261424322, 67.0, 5.740068287388709)
[20:09:47] [Server thread/INFO]: jhonny365 joined the game
[20:10:02] [Server thread/INFO]: jhonny365 lost connection: Timed out
[20:10:02] [Server thread/INFO]: jhonny365 left the game
[20:10:40] [Server thread/INFO]: jhonny365[/0:0:0:0:0:0:0:1%0:44060] logged in with entity id 306 at (-121.5972261424322, 67.0, 5.740068287388709)
[20:10:40] [Server thread/INFO]: jhonny365 joined the game
[20:10:55] [Server thread/INFO]: jhonny365 lost connection: Timed out
[20:10:55] [Server thread/INFO]: jhonny365 left the game
[20:14:26] [Server thread/INFO]: jhonny365[/0:0:0:0:0:0:0:1%0:53106] logged in with entity id 333 at (-121.5972261424322, 67.0, 5.740068287388709)
[20:14:26] [Server thread/INFO]: jhonny365 joined the game
[20:14:41] [Server thread/INFO]: jhonny365 lost connection: Timed out
[20:14:41] [Server thread/INFO]: jhonny365 left the game
